<?xml version="1.0" encoding="UTF-8"?>
<testsuite name="star45.design.crate.single.EagerSingleTest" tests="1" skipped="0" failures="0" errors="0" timestamp="2015-08-11T06:08:59" hostname="xulikang" time="0.001">
  <properties/>
  <testcase name="testGetInstance" classname="star45.design.crate.single.EagerSingleTest" time="0.001"/>
  <system-out><![CDATA[star45.design.crate.single.EagerSingleton@437668f  &  star45.design.crate.single.EagerSingleton@437668f
]]></system-out>
  <system-err><![CDATA[]]></system-err>
</testsuite>
